<?xml version="1.0" encoding="UTF-8"?>
<testsuite xmlns:xsi="http://www.w3.org/2001/XMLSchema-instance" xsi:noNamespaceSchemaLocation="https://maven.apache.org/surefire/maven-surefire-plugin/xsd/surefire-test-report.xsd" name="TestSuite" time="0.606" tests="1" errors="0" skipped="0" failures="1">
  <properties>
    <property name="gopherProxySet" value="false"/>
    <property name="awt.toolkit" value="sun.lwawt.macosx.LWCToolkit"/>
    <property name="java.specification.version" value="10"/>
    <property name="file.encoding.pkg" value="sun.io"/>
    <property name="sun.cpu.isalist" value=""/>
    <property name="sun.jnu.encoding" value="UTF-8"/>
    <property name="java.class.path" value="/Users/AndreaRamirez/eclipse-workspace/com.maven/target/test-classes:/Users/AndreaRamirez/eclipse-workspace/com.maven/target/classes:/Users/AndreaRamirez/.m2/repository/org/seleniumhq/selenium/selenium-java/3.141.59/selenium-java-3.141.59.jar:/Users/AndreaRamirez/.m2/repository/org/seleniumhq/selenium/selenium-api/3.141.59/selenium-api-3.141.59.jar:/Users/AndreaRamirez/.m2/repository/org/seleniumhq/selenium/selenium-chrome-driver/3.141.59/selenium-chrome-driver-3.141.59.jar:/Users/AndreaRamirez/.m2/repository/org/seleniumhq/selenium/selenium-edge-driver/3.141.59/selenium-edge-driver-3.141.59.jar:/Users/AndreaRamirez/.m2/repository/org/seleniumhq/selenium/selenium-firefox-driver/3.141.59/selenium-firefox-driver-3.141.59.jar:/Users/AndreaRamirez/.m2/repository/org/seleniumhq/selenium/selenium-ie-driver/3.141.59/selenium-ie-driver-3.141.59.jar:/Users/AndreaRamirez/.m2/repository/org/seleniumhq/selenium/selenium-opera-driver/3.141.59/selenium-opera-driver-3.141.59.jar:/Users/AndreaRamirez/.m2/repository/org/seleniumhq/selenium/selenium-remote-driver/3.141.59/selenium-remote-driver-3.141.59.jar:/Users/AndreaRamirez/.m2/repository/org/seleniumhq/selenium/selenium-safari-driver/3.141.59/selenium-safari-driver-3.141.59.jar:/Users/AndreaRamirez/.m2/repository/org/seleniumhq/selenium/selenium-support/3.141.59/selenium-support-3.141.59.jar:/Users/AndreaRamirez/.m2/repository/net/bytebuddy/byte-buddy/1.8.15/byte-buddy-1.8.15.jar:/Users/AndreaRamirez/.m2/repository/org/apache/commons/commons-exec/1.3/commons-exec-1.3.jar:/Users/AndreaRamirez/.m2/repository/com/google/guava/guava/25.0-jre/guava-25.0-jre.jar:/Users/AndreaRamirez/.m2/repository/com/google/code/findbugs/jsr305/1.3.9/jsr305-1.3.9.jar:/Users/AndreaRamirez/.m2/repository/org/checkerframework/checker-compat-qual/2.0.0/checker-compat-qual-2.0.0.jar:/Users/AndreaRamirez/.m2/repository/com/google/errorprone/error_prone_annotations/2.1.3/error_prone_annotations-2.1.3.jar:/Users/AndreaRamirez/.m2/repository/com/google/j2objc/j2objc-annotations/1.1/j2objc-annotations-1.1.jar:/Users/AndreaRamirez/.m2/repository/org/codehaus/mojo/animal-sniffer-annotations/1.14/animal-sniffer-annotations-1.14.jar:/Users/AndreaRamirez/.m2/repository/com/squareup/okhttp3/okhttp/3.11.0/okhttp-3.11.0.jar:/Users/AndreaRamirez/.m2/repository/com/squareup/okio/okio/1.14.0/okio-1.14.0.jar:/Users/AndreaRamirez/.m2/repository/org/testng/testng/6.14.3/testng-6.14.3.jar:/Users/AndreaRamirez/.m2/repository/com/beust/jcommander/1.72/jcommander-1.72.jar:/Users/AndreaRamirez/.m2/repository/org/apache-extras/beanshell/bsh/2.0b6/bsh-2.0b6.jar:/Users/AndreaRamirez/.m2/repository/org/seleniumhq/selenium/selenium-htmlunit-driver/2.50.1/selenium-htmlunit-driver-2.50.1.jar:/Users/AndreaRamirez/.m2/repository/net/sourceforge/htmlunit/htmlunit/2.18/htmlunit-2.18.jar:/Users/AndreaRamirez/.m2/repository/xalan/xalan/2.7.2/xalan-2.7.2.jar:/Users/AndreaRamirez/.m2/repository/xalan/serializer/2.7.2/serializer-2.7.2.jar:/Users/AndreaRamirez/.m2/repository/org/apache/commons/commons-lang3/3.4/commons-lang3-3.4.jar:/Users/AndreaRamirez/.m2/repository/org/apache/httpcomponents/httpmime/4.5/httpmime-4.5.jar:/Users/AndreaRamirez/.m2/repository/commons-codec/commons-codec/1.10/commons-codec-1.10.jar:/Users/AndreaRamirez/.m2/repository/net/sourceforge/htmlunit/htmlunit-core-js/2.17/htmlunit-core-js-2.17.jar:/Users/AndreaRamirez/.m2/repository/xerces/xercesImpl/2.11.0/xercesImpl-2.11.0.jar:/Users/AndreaRamirez/.m2/repository/xml-apis/xml-apis/1.4.01/xml-apis-1.4.01.jar:/Users/AndreaRamirez/.m2/repository/net/sourceforge/nekohtml/nekohtml/1.9.22/nekohtml-1.9.22.jar:/Users/AndreaRamirez/.m2/repository/net/sourceforge/cssparser/cssparser/0.9.16/cssparser-0.9.16.jar:/Users/AndreaRamirez/.m2/repository/org/w3c/css/sac/1.3/sac-1.3.jar:/Users/AndreaRamirez/.m2/repository/commons-io/commons-io/2.4/commons-io-2.4.jar:/Users/AndreaRamirez/.m2/repository/commons-logging/commons-logging/1.2/commons-logging-1.2.jar:/Users/AndreaRamirez/.m2/repository/org/eclipse/jetty/websocket/websocket-client/9.2.12.v20150709/websocket-client-9.2.12.v20150709.jar:/Users/AndreaRamirez/.m2/repository/org/eclipse/jetty/jetty-util/9.2.12.v20150709/jetty-util-9.2.12.v20150709.jar:/Users/AndreaRamirez/.m2/repository/org/eclipse/jetty/jetty-io/9.2.12.v20150709/jetty-io-9.2.12.v20150709.jar:/Users/AndreaRamirez/.m2/repository/org/eclipse/jetty/websocket/websocket-common/9.2.12.v20150709/websocket-common-9.2.12.v20150709.jar:/Users/AndreaRamirez/.m2/repository/org/eclipse/jetty/websocket/websocket-api/9.2.12.v20150709/websocket-api-9.2.12.v20150709.jar:/Users/AndreaRamirez/.m2/repository/commons-collections/commons-collections/3.2.2/commons-collections-3.2.2.jar:/Users/AndreaRamirez/.m2/repository/org/apache/httpcomponents/httpclient/4.5.1/httpclient-4.5.1.jar:/Users/AndreaRamirez/.m2/repository/org/apache/httpcomponents/httpcore/4.4.3/httpcore-4.4.3.jar:"/>
    <property name="java.vm.vendor" value="&quot;Oracle Corporation&quot;"/>
    <property name="sun.arch.data.model" value="64"/>
    <property name="java.vendor.url" value="http://java.oracle.com/"/>
    <property name="user.timezone" value=""/>
    <property name="java.vm.specification.version" value="10"/>
    <property name="os.name" value="Mac OS X"/>
    <property name="sun.java.launcher" value="SUN_STANDARD"/>
    <property name="user.country" value="US"/>
    <property name="sun.boot.library.path" value="/Library/Java/JavaVirtualMachines/jdk-10.0.2.jdk/Contents/Home/lib"/>
    <property name="sun.java.command" value="/Users/AndreaRamirez/eclipse-workspace/com.maven/target/surefire/surefirebooter8558335771908636343.jar /Users/AndreaRamirez/eclipse-workspace/com.maven/target/surefire 2018-12-04T22-39-10_906-jvmRun1 surefire121953795850621003tmp surefire_015203506221342840889tmp"/>
    <property name="http.nonProxyHosts" value="local|*.local|169.254/16|*.169.254/16"/>
    <property name="jdk.debug" value="release"/>
    <property name="surefire.test.class.path" value="/Users/AndreaRamirez/eclipse-workspace/com.maven/target/test-classes:/Users/AndreaRamirez/eclipse-workspace/com.maven/target/classes:/Users/AndreaRamirez/.m2/repository/org/seleniumhq/selenium/selenium-java/3.141.59/selenium-java-3.141.59.jar:/Users/AndreaRamirez/.m2/repository/org/seleniumhq/selenium/selenium-api/3.141.59/selenium-api-3.141.59.jar:/Users/AndreaRamirez/.m2/repository/org/seleniumhq/selenium/selenium-chrome-driver/3.141.59/selenium-chrome-driver-3.141.59.jar:/Users/AndreaRamirez/.m2/repository/org/seleniumhq/selenium/selenium-edge-driver/3.141.59/selenium-edge-driver-3.141.59.jar:/Users/AndreaRamirez/.m2/repository/org/seleniumhq/selenium/selenium-firefox-driver/3.141.59/selenium-firefox-driver-3.141.59.jar:/Users/AndreaRamirez/.m2/repository/org/seleniumhq/selenium/selenium-ie-driver/3.141.59/selenium-ie-driver-3.141.59.jar:/Users/AndreaRamirez/.m2/repository/org/seleniumhq/selenium/selenium-opera-driver/3.141.59/selenium-opera-driver-3.141.59.jar:/Users/AndreaRamirez/.m2/repository/org/seleniumhq/selenium/selenium-remote-driver/3.141.59/selenium-remote-driver-3.141.59.jar:/Users/AndreaRamirez/.m2/repository/org/seleniumhq/selenium/selenium-safari-driver/3.141.59/selenium-safari-driver-3.141.59.jar:/Users/AndreaRamirez/.m2/repository/org/seleniumhq/selenium/selenium-support/3.141.59/selenium-support-3.141.59.jar:/Users/AndreaRamirez/.m2/repository/net/bytebuddy/byte-buddy/1.8.15/byte-buddy-1.8.15.jar:/Users/AndreaRamirez/.m2/repository/org/apache/commons/commons-exec/1.3/commons-exec-1.3.jar:/Users/AndreaRamirez/.m2/repository/com/google/guava/guava/25.0-jre/guava-25.0-jre.jar:/Users/AndreaRamirez/.m2/repository/com/google/code/findbugs/jsr305/1.3.9/jsr305-1.3.9.jar:/Users/AndreaRamirez/.m2/repository/org/checkerframework/checker-compat-qual/2.0.0/checker-compat-qual-2.0.0.jar:/Users/AndreaRamirez/.m2/repository/com/google/errorprone/error_prone_annotations/2.1.3/error_prone_annotations-2.1.3.jar:/Users/AndreaRamirez/.m2/repository/com/google/j2objc/j2objc-annotations/1.1/j2objc-annotations-1.1.jar:/Users/AndreaRamirez/.m2/repository/org/codehaus/mojo/animal-sniffer-annotations/1.14/animal-sniffer-annotations-1.14.jar:/Users/AndreaRamirez/.m2/repository/com/squareup/okhttp3/okhttp/3.11.0/okhttp-3.11.0.jar:/Users/AndreaRamirez/.m2/repository/com/squareup/okio/okio/1.14.0/okio-1.14.0.jar:/Users/AndreaRamirez/.m2/repository/org/testng/testng/6.14.3/testng-6.14.3.jar:/Users/AndreaRamirez/.m2/repository/com/beust/jcommander/1.72/jcommander-1.72.jar:/Users/AndreaRamirez/.m2/repository/org/apache-extras/beanshell/bsh/2.0b6/bsh-2.0b6.jar:/Users/AndreaRamirez/.m2/repository/org/seleniumhq/selenium/selenium-htmlunit-driver/2.50.1/selenium-htmlunit-driver-2.50.1.jar:/Users/AndreaRamirez/.m2/repository/net/sourceforge/htmlunit/htmlunit/2.18/htmlunit-2.18.jar:/Users/AndreaRamirez/.m2/repository/xalan/xalan/2.7.2/xalan-2.7.2.jar:/Users/AndreaRamirez/.m2/repository/xalan/serializer/2.7.2/serializer-2.7.2.jar:/Users/AndreaRamirez/.m2/repository/org/apache/commons/commons-lang3/3.4/commons-lang3-3.4.jar:/Users/AndreaRamirez/.m2/repository/org/apache/httpcomponents/httpmime/4.5/httpmime-4.5.jar:/Users/AndreaRamirez/.m2/repository/commons-codec/commons-codec/1.10/commons-codec-1.10.jar:/Users/AndreaRamirez/.m2/repository/net/sourceforge/htmlunit/htmlunit-core-js/2.17/htmlunit-core-js-2.17.jar:/Users/AndreaRamirez/.m2/repository/xerces/xercesImpl/2.11.0/xercesImpl-2.11.0.jar:/Users/AndreaRamirez/.m2/repository/xml-apis/xml-apis/1.4.01/xml-apis-1.4.01.jar:/Users/AndreaRamirez/.m2/repository/net/sourceforge/nekohtml/nekohtml/1.9.22/nekohtml-1.9.22.jar:/Users/AndreaRamirez/.m2/repository/net/sourceforge/cssparser/cssparser/0.9.16/cssparser-0.9.16.jar:/Users/AndreaRamirez/.m2/repository/org/w3c/css/sac/1.3/sac-1.3.jar:/Users/AndreaRamirez/.m2/repository/commons-io/commons-io/2.4/commons-io-2.4.jar:/Users/AndreaRamirez/.m2/repository/commons-logging/commons-logging/1.2/commons-logging-1.2.jar:/Users/AndreaRamirez/.m2/repository/org/eclipse/jetty/websocket/websocket-client/9.2.12.v20150709/websocket-client-9.2.12.v20150709.jar:/Users/AndreaRamirez/.m2/repository/org/eclipse/jetty/jetty-util/9.2.12.v20150709/jetty-util-9.2.12.v20150709.jar:/Users/AndreaRamirez/.m2/repository/org/eclipse/jetty/jetty-io/9.2.12.v20150709/jetty-io-9.2.12.v20150709.jar:/Users/AndreaRamirez/.m2/repository/org/eclipse/jetty/websocket/websocket-common/9.2.12.v20150709/websocket-common-9.2.12.v20150709.jar:/Users/AndreaRamirez/.m2/repository/org/eclipse/jetty/websocket/websocket-api/9.2.12.v20150709/websocket-api-9.2.12.v20150709.jar:/Users/AndreaRamirez/.m2/repository/commons-collections/commons-collections/3.2.2/commons-collections-3.2.2.jar:/Users/AndreaRamirez/.m2/repository/org/apache/httpcomponents/httpclient/4.5.1/httpclient-4.5.1.jar:/Users/AndreaRamirez/.m2/repository/org/apache/httpcomponents/httpcore/4.4.3/httpcore-4.4.3.jar:"/>
    <property name="sun.cpu.endian" value="little"/>
    <property name="user.home" value="/Users/AndreaRamirez"/>
    <property name="user.language" value="en"/>
    <property name="java.specification.vendor" value="Oracle Corporation"/>
    <property name="java.version.date" value="2018-07-17"/>
    <property name="java.home" value="/Library/Java/JavaVirtualMachines/jdk-10.0.2.jdk/Contents/Home"/>
    <property name="file.separator" value="/"/>
    <property name="basedir" value="/Users/AndreaRamirez/eclipse-workspace/com.maven"/>
    <property name="java.vm.compressedOopsMode" value="Zero based"/>
    <property name="line.separator" value="&#10;"/>
    <property name="java.specification.name" value="Java Platform API Specification"/>
    <property name="java.vm.specification.vendor" value="Oracle Corporation"/>
    <property name="java.awt.graphicsenv" value="sun.awt.CGraphicsEnvironment"/>
    <property name="surefire.real.class.path" value="/Users/AndreaRamirez/eclipse-workspace/com.maven/target/surefire/surefirebooter8558335771908636343.jar"/>
    <property name="sun.management.compiler" value="HotSpot 64-Bit Tiered Compilers"/>
    <property name="ftp.nonProxyHosts" value="local|*.local|169.254/16|*.169.254/16"/>
    <property name="java.runtime.version" value="10.0.2+13"/>
    <property name="user.name" value="AndreaRamirez"/>
    <property name="path.separator" value=":"/>
    <property name="os.version" value="10.10.5"/>
    <property name="java.runtime.name" value="Java(TM) SE Runtime Environment"/>
    <property name="file.encoding" value="UTF-8"/>
    <property name="java.vm.name" value="Java HotSpot(TM) 64-Bit Server VM"/>
    <property name="java.vendor.version" value="18.3"/>
    <property name="localRepository" value="/Users/AndreaRamirez/.m2/repository"/>
    <property name="java.vendor.url.bug" value="http://bugreport.java.com/bugreport/"/>
    <property name="java.io.tmpdir" value="/var/folders/fd/mlbfcmmd58x1tt__ck14fgdw0000gn/T/"/>
    <property name="java.version" value="10.0.2"/>
    <property name="user.dir" value="/Users/AndreaRamirez/eclipse-workspace/com.maven"/>
    <property name="os.arch" value="x86_64"/>
    <property name="java.vm.specification.name" value="Java Virtual Machine Specification"/>
    <property name="java.awt.printerjob" value="sun.lwawt.macosx.CPrinterJob"/>
    <property name="sun.os.patch.level" value="unknown"/>
    <property name="java.library.path" value="/Users/AndreaRamirez/Library/Java/Extensions:/Library/Java/Extensions:/Network/Library/Java/Extensions:/System/Library/Java/Extensions:/usr/lib/java:."/>
    <property name="java.vendor" value="Oracle Corporation"/>
    <property name="java.vm.info" value="mixed mode"/>
    <property name="java.vm.version" value="10.0.2+13"/>
    <property name="sun.io.unicode.encoding" value="UnicodeBig"/>
    <property name="java.class.version" value="54.0"/>
    <property name="socksNonProxyHosts" value="local|*.local|169.254/16|*.169.254/16"/>
  </properties>
  <testcase name="setup" classname="com.maven.BaseClass" time="0.021">
    <failure message="org/openqa/selenium/remote/SessionNotFoundException" type="java.lang.NoClassDefFoundError">java.lang.NoClassDefFoundError: org/openqa/selenium/remote/SessionNotFoundException
	at com.maven.BaseClass.setup(BaseClass.java:14)
Caused by: java.lang.ClassNotFoundException: org.openqa.selenium.remote.SessionNotFoundException
	at com.maven.BaseClass.setup(BaseClass.java:14)
</failure>
  </testcase>
</testsuite>