<?xml version="1.0" encoding="UTF-8"?>
<!-- Generated by org.testng.reporters.JUnitReportReporter -->
<testsuite hostname="Andreas-MacBook-Pro.local" failures="0" tests="1" name="com.maven.MavenTest" time="0.009" errors="0" timestamp="05 Dec 2018 00:49:52 GMT" skipped="0">
  <testcase classname="com.maven.MavenTest" name="hello" time="0.009"/>
</testsuite> <!-- com.maven.MavenTest -->
